[debug] [2023-12-31T16:13:33.494Z] ----------------------------------------------------------------------
[debug] [2023-12-31T16:13:33.496Z] Command:       C:\Program Files\nodejs\node.exe C:\Users\INNCIRCLES\AppData\Roaming\npm\node_modules\firebase-tools\lib\bin\firebase.js init
[debug] [2023-12-31T16:13:33.496Z] CLI Version:   13.0.2
[debug] [2023-12-31T16:13:33.497Z] Platform:      win32
[debug] [2023-12-31T16:13:33.497Z] Node Version:  v18.17.1
[debug] [2023-12-31T16:13:33.497Z] Time:          Sun Dec 31 2023 21:43:33 GMT+0530 (India Standard Time)
[debug] [2023-12-31T16:13:33.498Z] ----------------------------------------------------------------------
[debug] 
[debug] [2023-12-31T16:13:33.568Z] > command requires scopes: ["email","openid","https://www.googleapis.com/auth/cloudplatformprojects.readonly","https://www.googleapis.com/auth/firebase","https://www.googleapis.com/auth/cloud-platform"]
[debug] [2023-12-31T16:13:33.569Z] > authorizing via signed-in user (jahnavipothala15@gmail.com)
[info] 
     ######## #### ########  ######## ########     ###     ######  ########
     ##        ##  ##     ## ##       ##     ##  ##   ##  ##       ##
     ######    ##  ########  ######   ########  #########  ######  ######
     ##        ##  ##    ##  ##       ##     ## ##     ##       ## ##
     ##       #### ##     ## ######## ########  ##     ##  ######  ########

You're about to initialize a Firebase project in this directory:

  C:\Users\INNCIRCLES\Desktop\EventManagementSystem\frontend

Before we get started, keep in mind:

  * You are initializing within an existing Firebase project directory

